Arguments: 
  /usr/local/bin/node /Users/gomes/.yarn/bin/yarn.js add -D @typescript

PATH: 
  /Users/gomes/.yarn/bin:/Users/gomes/.config/yarn/global/node_modules/.bin:/opt/homebrew/bin:/opt/homebrew/sbin:/usr/local/bin:/usr/bin:/bin:/usr/sbin:/sbin:/Library/Apple/usr/bin:/Applications/Postgres.app/Contents/Versions/latest/bin:/Users/gomes/.yarn/bin:/Users/gomes/.config/yarn/global/node_modules/.bin:/opt/homebrew/bin:/opt/homebrew/sbin:/Users/gomes/Library/Android/sdk/emulator:/Users/gomes/Library/Android/sdk/tools:/Users/gomes/Library/Android/sdk/tools/bin:/Users/gomes/Library/Android/sdk/platform-tools

Yarn version: 
  1.22.18

Node version: 
  16.14.0

Platform: 
  darwin arm64

Trace: 
  Error: https://registry.yarnpkg.com/@typescript: Request "https://registry.yarnpkg.com/@typescript" returned a 405
      at Request.params.callback [as _callback] (/Users/gomes/.yarn/lib/cli.js:66147:18)
      at Request.self.callback (/Users/gomes/.yarn/lib/cli.js:140883:22)
      at Request.emit (node:events:520:28)
      at Request.<anonymous> (/Users/gomes/.yarn/lib/cli.js:141855:10)
      at Request.emit (node:events:520:28)
      at IncomingMessage.<anonymous> (/Users/gomes/.yarn/lib/cli.js:141777:12)
      at Object.onceWrapper (node:events:639:28)
      at IncomingMessage.emit (node:events:532:35)
      at endReadableNT (node:internal/streams/readable:1346:12)
      at processTicksAndRejections (node:internal/process/task_queues:83:21)

npm manifest: 
  {
    "name": "rxn-units",
    "version": "0.0.1",
    "description": "Viewport units (vw, vh, vmin, vmax) + useUnits hook for React, React Native and Expo.",
    "main": "build/index.js",
    "repository": "https://github.com/Luffos/rxn-units",
    "author": "Luffos",
    "license": "MIT",
    "private": false,
    "devDependencies": {
      "@types/react-native": "^0.67.3"
    },
    "peerDependencies": {
      "react-native": "*"
    }
  }

yarn manifest: 
  No manifest

Lockfile: 
  # THIS IS AN AUTOGENERATED FILE. DO NOT EDIT THIS FILE DIRECTLY.
  # yarn lockfile v1
  
  
  "@types/prop-types@*":
    version "15.7.4"
    resolved "https://registry.yarnpkg.com/@types/prop-types/-/prop-types-15.7.4.tgz#fcf7205c25dff795ee79af1e30da2c9790808f11"
    integrity sha512-rZ5drC/jWjrArrS8BR6SIr4cWpW09RNTYt9AMZo3Jwwif+iacXAqgVjm0B0Bv/S1jhDXKHqRVNCbACkJ89RAnQ==
  
  "@types/react-native@^0.67.3":
    version "0.67.3"
    resolved "https://registry.yarnpkg.com/@types/react-native/-/react-native-0.67.3.tgz#baba111c8ce1a45a6034c15f6f0ad98826239780"
    integrity sha512-hF4uOZFl2PPQtGWOtLoafrlCJeU815X3PgfVePM+7EhOIZhYXKH7+p3R3cZSnwVnrU5Ep/JfiHimMDliY3o8oQ==
    dependencies:
      "@types/react" "*"
  
  "@types/react@*":
    version "17.0.43"
    resolved "https://registry.yarnpkg.com/@types/react/-/react-17.0.43.tgz#4adc142887dd4a2601ce730bc56c3436fdb07a55"
    integrity sha512-8Q+LNpdxf057brvPu1lMtC5Vn7J119xrP1aq4qiaefNioQUYANF/CYeK4NsKorSZyUGJ66g0IM+4bbjwx45o2A==
    dependencies:
      "@types/prop-types" "*"
      "@types/scheduler" "*"
      csstype "^3.0.2"
  
  "@types/scheduler@*":
    version "0.16.2"
    resolved "https://registry.yarnpkg.com/@types/scheduler/-/scheduler-0.16.2.tgz#1a62f89525723dde24ba1b01b092bf5df8ad4d39"
    integrity sha512-hppQEBDmlwhFAXKJX2KnWLYu5yMfi91yazPb2l+lbJiwW+wdo1gNeRA+3RgNSO39WYX2euey41KEwnqesU2Jew==
  
  csstype@^3.0.2:
    version "3.0.11"
    resolved "https://registry.yarnpkg.com/csstype/-/csstype-3.0.11.tgz#d66700c5eacfac1940deb4e3ee5642792d85cd33"
    integrity sha512-sa6P2wJ+CAbgyy4KFssIb/JNMLxFvKF1pCYCSXS8ZMuqZnMsrxqI2E5sPyoTpxoPU/gVZMzr2zjOfg8GIZOMsw==
